<?xml version="1.0" encoding="UTF-8"?>
<!-- Generated by org.testng.reporters.JUnitReportReporter -->
<testsuite skipped="0" hostname="LAPTOP-DJC8OLDO" name="com.hrms.testcases.AddEmployeeTest" tests="1" failures="0" timestamp="2020-09-12T22:41:15 EEST" time="59.167" errors="0">
  <testcase name="addMultipleEmployees" time="59.167" classname="com.hrms.testcases.AddEmployeeTest"/>
  <system-out/>
</testsuite> <!-- com.hrms.testcases.AddEmployeeTest -->
