<?xml version="1.0" encoding="UTF-8"?>
<!-- Generated by org.testng.reporters.JUnitReportReporter -->
<testsuite skipped="0" hostname="LAPTOP-DJC8OLDO" name="com.hrms.testcases.AddEmployeeTest" tests="1" failures="0" timestamp="2020-09-10T15:47:23 EEST" time="86.406" errors="0">
  <testcase name="addMultipleEmployees" time="86.406" classname="com.hrms.testcases.AddEmployeeTest"/>
  <system-out/>
</testsuite> <!-- com.hrms.testcases.AddEmployeeTest -->
