<?xml version="1.0" encoding="UTF-8"?>
<!-- Generated by org.testng.reporters.JUnitReportReporter -->
<testsuite skipped="0" hostname="LAPTOP-DJC8OLDO" name="com.hrms.testcases.LoginTest" tests="4" failures="0" timestamp="2020-09-12T22:17:24 EEST" time="41.541" errors="0">
  <testcase name="invalidLogin" time="9.598" classname="com.hrms.testcases.LoginTest"/>
  <system-out/>
  <testcase name="invalidLogin" time="8.697" classname="com.hrms.testcases.LoginTest"/>
  <system-out/>
  <testcase name="invalidLogin" time="9.065" classname="com.hrms.testcases.LoginTest"/>
  <system-out/>
  <testcase name="validLogin" time="14.181" classname="com.hrms.testcases.LoginTest"/>
  <system-out/>
</testsuite> <!-- com.hrms.testcases.LoginTest -->
