<?xml version="1.0" encoding="UTF-8"?>
<!-- Generated by org.testng.reporters.JUnitReportReporter -->
<testsuite skipped="0" hostname="LAPTOP-DJC8OLDO" name="com.hrms.testcases.AddEmployeeTest" tests="6" failures="0" timestamp="2020-09-12T22:51:13 EEST" time="147.670" errors="0">
  <testcase name="addEmployeesData" time="18.670" classname="com.hrms.testcases.AddEmployeeTest"/>
  <system-out/>
  <testcase name="addEmployeesData" time="19.118" classname="com.hrms.testcases.AddEmployeeTest"/>
  <system-out/>
  <testcase name="addEmployeesData" time="17.329" classname="com.hrms.testcases.AddEmployeeTest"/>
  <system-out/>
  <testcase name="addEmployeesData" time="17.750" classname="com.hrms.testcases.AddEmployeeTest"/>
  <system-out/>
  <testcase name="addMultipleEmployees" time="57.058" classname="com.hrms.testcases.AddEmployeeTest"/>
  <system-out/>
  <testcase name="addEmployeesData" time="17.745" classname="com.hrms.testcases.AddEmployeeTest"/>
  <system-out/>
</testsuite> <!-- com.hrms.testcases.AddEmployeeTest -->
